0 info it worked if it ends with ok
1 verbose cli [ '/usr/bin/node',
1 verbose cli   '/usr/bin/npm',
1 verbose cli   'install',
1 verbose cli   '--save-dev',
1 verbose cli   'parcel' ]
2 info using npm@3.5.2
3 info using node@v8.10.0
4 silly loadCurrentTree Starting
5 silly install loadCurrentTree
6 silly install readLocalPackageData
7 silly fetchPackageMetaData parcel
8 silly fetchNamedPackageData parcel
9 silly mapToRegistry name parcel
10 silly mapToRegistry using default registry
11 silly mapToRegistry registry https://registry.npmjs.org/
12 silly mapToRegistry uri https://registry.npmjs.org/parcel
13 verbose request uri https://registry.npmjs.org/parcel
14 verbose request no auth needed
15 info attempt registry request try #1 at 8:54:46 AM
16 verbose request id b26876fa288f4643
17 verbose etag W/"bbb7363fd34dc248257bd091988a0fd6"
18 verbose lastModified Thu, 26 May 2022 00:41:27 GMT
19 http request GET https://registry.npmjs.org/parcel
20 http 304 https://registry.npmjs.org/parcel
21 verbose headers { date: 'Fri, 27 May 2022 12:54:46 GMT',
21 verbose headers   connection: 'keep-alive',
21 verbose headers   'cf-ray': '711ee6aae9bb029b-MIA',
21 verbose headers   age: '195',
21 verbose headers   'cache-control': 'public, max-age=300',
21 verbose headers   etag: '"bbb7363fd34dc248257bd091988a0fd6"',
21 verbose headers   'last-modified': 'Thu, 26 May 2022 00:41:27 GMT',
21 verbose headers   vary: 'Accept-Encoding',
21 verbose headers   'cf-cache-status': 'HIT',
21 verbose headers   'expect-ct': 'max-age=604800, report-uri="https://report-uri.cloudflare.com/cdn-cgi/beacon/expect-ct"',
21 verbose headers   'x-amz-replication-status': 'COMPLETED',
21 verbose headers   server: 'cloudflare' }
22 silly get cb [ 304,
22 silly get   { date: 'Fri, 27 May 2022 12:54:46 GMT',
22 silly get     connection: 'keep-alive',
22 silly get     'cf-ray': '711ee6aae9bb029b-MIA',
22 silly get     age: '195',
22 silly get     'cache-control': 'public, max-age=300',
22 silly get     etag: '"bbb7363fd34dc248257bd091988a0fd6"',
22 silly get     'last-modified': 'Thu, 26 May 2022 00:41:27 GMT',
22 silly get     vary: 'Accept-Encoding',
22 silly get     'cf-cache-status': 'HIT',
22 silly get     'expect-ct': 'max-age=604800, report-uri="https://report-uri.cloudflare.com/cdn-cgi/beacon/expect-ct"',
22 silly get     'x-amz-replication-status': 'COMPLETED',
22 silly get     server: 'cloudflare' } ]
23 verbose etag https://registry.npmjs.org/parcel from cache
24 verbose get saving parcel to /home/math/.npm/registry.npmjs.org/parcel/.cache.json
25 silly install normalizeTree
26 silly loadCurrentTree Finishing
27 silly loadIdealTree Starting
28 silly install loadIdealTree
29 silly cloneCurrentTree Starting
30 silly install cloneCurrentTreeToIdealTree
31 silly cloneCurrentTree Finishing
32 silly loadShrinkwrap Starting
33 silly install loadShrinkwrap
34 silly loadShrinkwrap Finishing
35 silly loadAllDepsIntoIdealTree Starting
36 silly install loadAllDepsIntoIdealTree
37 silly resolveWithNewModule parcel@2.6.0 checking installable status
38 silly cache add args [ 'parcel', null ]
39 verbose cache add spec parcel
40 silly cache add parsed spec Result {
40 silly cache add   raw: 'parcel',
40 silly cache add   scope: null,
40 silly cache add   name: 'parcel',
40 silly cache add   rawSpec: '',
40 silly cache add   spec: 'latest',
40 silly cache add   type: 'tag' }
41 silly addNamed parcel@latest
42 verbose addNamed "latest" is being treated as a dist-tag for parcel
43 info addNameTag [ 'parcel', 'latest' ]
44 silly mapToRegistry name parcel
45 silly mapToRegistry using default registry
46 silly mapToRegistry registry https://registry.npmjs.org/
47 silly mapToRegistry uri https://registry.npmjs.org/parcel
48 verbose addNameTag registry:https://registry.npmjs.org/parcel not in flight; fetching
49 verbose get https://registry.npmjs.org/parcel not expired, no request
50 silly addNameTag next cb for parcel with tag latest
51 silly addNamed parcel@2.6.0
52 verbose addNamed "2.6.0" is a plain semver version for parcel
53 silly cache afterAdd parcel@2.6.0
54 verbose afterAdd /home/math/.npm/parcel/2.6.0/package/package.json not in flight; writing
55 verbose afterAdd /home/math/.npm/parcel/2.6.0/package/package.json written
56 silly fetchNamedPackageData @parcel/config-default
57 silly mapToRegistry name @parcel/config-default
58 silly mapToRegistry scope (from package name) @parcel
59 verbose mapToRegistry no registry URL found in name for scope @parcel
60 silly mapToRegistry using default registry
61 silly mapToRegistry registry https://registry.npmjs.org/
62 silly mapToRegistry uri https://registry.npmjs.org/@parcel%2fconfig-default
63 silly fetchNamedPackageData @parcel/core
64 silly mapToRegistry name @parcel/core
65 silly mapToRegistry scope (from package name) @parcel
66 verbose mapToRegistry no registry URL found in name for scope @parcel
67 silly mapToRegistry using default registry
68 silly mapToRegistry registry https://registry.npmjs.org/
69 silly mapToRegistry uri https://registry.npmjs.org/@parcel%2fcore
70 silly fetchNamedPackageData @parcel/diagnostic
71 silly mapToRegistry name @parcel/diagnostic
72 silly mapToRegistry scope (from package name) @parcel
73 verbose mapToRegistry no registry URL found in name for scope @parcel
74 silly mapToRegistry using default registry
75 silly mapToRegistry registry https://registry.npmjs.org/
76 silly mapToRegistry uri https://registry.npmjs.org/@parcel%2fdiagnostic
77 silly fetchNamedPackageData @parcel/events
78 silly mapToRegistry name @parcel/events
79 silly mapToRegistry scope (from package name) @parcel
80 verbose mapToRegistry no registry URL found in name for scope @parcel
81 silly mapToRegistry using default registry
82 silly mapToRegistry registry https://registry.npmjs.org/
83 silly mapToRegistry uri https://registry.npmjs.org/@parcel%2fevents
84 silly fetchNamedPackageData @parcel/fs
85 silly mapToRegistry name @parcel/fs
86 silly mapToRegistry scope (from package name) @parcel
87 verbose mapToRegistry no registry URL found in name for scope @parcel
88 silly mapToRegistry using default registry
89 silly mapToRegistry registry https://registry.npmjs.org/
90 silly mapToRegistry uri https://registry.npmjs.org/@parcel%2ffs
91 silly fetchNamedPackageData @parcel/logger
92 silly mapToRegistry name @parcel/logger
93 silly mapToRegistry scope (from package name) @parcel
94 verbose mapToRegistry no registry URL found in name for scope @parcel
95 silly mapToRegistry using default registry
96 silly mapToRegistry registry https://registry.npmjs.org/
97 silly mapToRegistry uri https://registry.npmjs.org/@parcel%2flogger
98 silly fetchNamedPackageData @parcel/package-manager
99 silly mapToRegistry name @parcel/package-manager
100 silly mapToRegistry scope (from package name) @parcel
101 verbose mapToRegistry no registry URL found in name for scope @parcel
102 silly mapToRegistry using default registry
103 silly mapToRegistry registry https://registry.npmjs.org/
104 silly mapToRegistry uri https://registry.npmjs.org/@parcel%2fpackage-manager
105 silly fetchNamedPackageData @parcel/reporter-cli
106 silly mapToRegistry name @parcel/reporter-cli
107 silly mapToRegistry scope (from package name) @parcel
108 verbose mapToRegistry no registry URL found in name for scope @parcel
109 silly mapToRegistry using default registry
110 silly mapToRegistry registry https://registry.npmjs.org/
111 silly mapToRegistry uri https://registry.npmjs.org/@parcel%2freporter-cli
112 silly fetchNamedPackageData @parcel/reporter-dev-server
113 silly mapToRegistry name @parcel/reporter-dev-server
114 silly mapToRegistry scope (from package name) @parcel
115 verbose mapToRegistry no registry URL found in name for scope @parcel
116 silly mapToRegistry using default registry
117 silly mapToRegistry registry https://registry.npmjs.org/
118 silly mapToRegistry uri https://registry.npmjs.org/@parcel%2freporter-dev-server
119 silly fetchNamedPackageData @parcel/utils
120 silly mapToRegistry name @parcel/utils
121 silly mapToRegistry scope (from package name) @parcel
122 verbose mapToRegistry no registry URL found in name for scope @parcel
123 silly mapToRegistry using default registry
124 silly mapToRegistry registry https://registry.npmjs.org/
125 silly mapToRegistry uri https://registry.npmjs.org/@parcel%2futils
126 silly fetchNamedPackageData chalk
127 silly mapToRegistry name chalk
128 silly mapToRegistry using default registry
129 silly mapToRegistry registry https://registry.npmjs.org/
130 silly mapToRegistry uri https://registry.npmjs.org/chalk
131 silly fetchNamedPackageData commander
132 silly mapToRegistry name commander
133 silly mapToRegistry using default registry
134 silly mapToRegistry registry https://registry.npmjs.org/
135 silly mapToRegistry uri https://registry.npmjs.org/commander
136 silly fetchNamedPackageData get-port
137 silly mapToRegistry name get-port
138 silly mapToRegistry using default registry
139 silly mapToRegistry registry https://registry.npmjs.org/
140 silly mapToRegistry uri https://registry.npmjs.org/get-port
141 silly fetchNamedPackageData v8-compile-cache
142 silly mapToRegistry name v8-compile-cache
143 silly mapToRegistry using default registry
144 silly mapToRegistry registry https://registry.npmjs.org/
145 silly mapToRegistry uri https://registry.npmjs.org/v8-compile-cache
146 verbose request uri https://registry.npmjs.org/@parcel%2fdiagnostic
147 verbose request no auth needed
148 info attempt registry request try #1 at 8:54:47 AM
149 verbose etag W/"88fbaf1d01cbc98cfb45b0836776eb74"
150 verbose lastModified Thu, 26 May 2022 00:40:00 GMT
151 http request GET https://registry.npmjs.org/@parcel%2fdiagnostic
152 verbose request uri https://registry.npmjs.org/@parcel%2fcore
153 verbose request no auth needed
154 info attempt registry request try #1 at 8:54:47 AM
155 verbose etag W/"9802c0474ce305bbc47cc757331631af"
156 verbose lastModified Thu, 26 May 2022 00:40:20 GMT
157 http request GET https://registry.npmjs.org/@parcel%2fcore
158 verbose request uri https://registry.npmjs.org/@parcel%2ffs
159 verbose request no auth needed
160 info attempt registry request try #1 at 8:54:47 AM
161 verbose etag W/"f706279137e2a8ea5c7bac771f92d5df"
162 verbose lastModified Thu, 26 May 2022 00:40:16 GMT
163 http request GET https://registry.npmjs.org/@parcel%2ffs
164 verbose request uri https://registry.npmjs.org/@parcel%2flogger
165 verbose request no auth needed
166 info attempt registry request try #1 at 8:54:47 AM
167 verbose etag W/"4a5558695aefd6d11ef67b5b64db72c4"
168 verbose lastModified Thu, 26 May 2022 00:40:08 GMT
169 http request GET https://registry.npmjs.org/@parcel%2flogger
170 verbose request uri https://registry.npmjs.org/@parcel%2freporter-dev-server
171 verbose request no auth needed
172 info attempt registry request try #1 at 8:54:47 AM
173 verbose etag W/"a5caffaa2b68d15cec4a62fec5610098"
174 verbose lastModified Thu, 26 May 2022 00:40:37 GMT
175 http request GET https://registry.npmjs.org/@parcel%2freporter-dev-server
176 verbose request uri https://registry.npmjs.org/@parcel%2fconfig-default
177 verbose request no auth needed
178 info attempt registry request try #1 at 8:54:47 AM
179 verbose etag W/"ec428266c4fdc037ba78b4029c8d32eb"
180 verbose lastModified Thu, 26 May 2022 00:41:20 GMT
181 http request GET https://registry.npmjs.org/@parcel%2fconfig-default
182 verbose request uri https://registry.npmjs.org/@parcel%2freporter-cli
183 verbose request no auth needed
184 info attempt registry request try #1 at 8:54:47 AM
185 verbose etag W/"28018d446df5407e65d12cdac88cc25f"
186 verbose lastModified Thu, 26 May 2022 00:40:37 GMT
187 http request GET https://registry.npmjs.org/@parcel%2freporter-cli
188 verbose request uri https://registry.npmjs.org/chalk
189 verbose request no auth needed
190 info attempt registry request try #1 at 8:54:47 AM
191 verbose etag W/"a939c8e94e21e1ad47e7eb4f17a2878b"
192 verbose lastModified Mon, 16 May 2022 06:57:26 GMT
193 http request GET https://registry.npmjs.org/chalk
194 verbose request uri https://registry.npmjs.org/commander
195 verbose request no auth needed
196 info attempt registry request try #1 at 8:54:47 AM
197 verbose etag W/"d7e7c22f2dffab480f0ccb23b28b2b98"
198 verbose lastModified Thu, 26 May 2022 08:41:56 GMT
199 http request GET https://registry.npmjs.org/commander
200 verbose request uri https://registry.npmjs.org/get-port
201 verbose request no auth needed
202 info attempt registry request try #1 at 8:54:47 AM
203 verbose etag W/"34d9a824e9855e9ac1274e3c2b76b185"
204 verbose lastModified Tue, 03 May 2022 14:55:36 GMT
205 http request GET https://registry.npmjs.org/get-port
206 verbose request uri https://registry.npmjs.org/v8-compile-cache
207 verbose request no auth needed
208 info attempt registry request try #1 at 8:54:47 AM
209 verbose etag W/"a34a9cd84b90dbd0b61dd7b4c3724624"
210 verbose lastModified Mon, 23 May 2022 01:55:17 GMT
211 http request GET https://registry.npmjs.org/v8-compile-cache
212 verbose request uri https://registry.npmjs.org/@parcel%2futils
213 verbose request no auth needed
214 info attempt registry request try #1 at 8:54:47 AM
215 verbose etag W/"ab0631dddc93fcdc1de204a448f32171"
216 verbose lastModified Thu, 26 May 2022 00:40:11 GMT
217 http request GET https://registry.npmjs.org/@parcel%2futils
218 verbose request uri https://registry.npmjs.org/@parcel%2fpackage-manager
219 verbose request no auth needed
220 info attempt registry request try #1 at 8:54:47 AM
221 verbose etag W/"dfe4c28fa9ca275f11400fec4a67996a"
222 verbose lastModified Thu, 26 May 2022 00:40:13 GMT
223 http request GET https://registry.npmjs.org/@parcel%2fpackage-manager
224 verbose request uri https://registry.npmjs.org/@parcel%2fevents
225 verbose request no auth needed
226 info attempt registry request try #1 at 8:54:47 AM
227 verbose etag W/"c4e6e9bd2ac9714c60b8293bc53f329e"
228 verbose lastModified Thu, 26 May 2022 00:40:04 GMT
229 http request GET https://registry.npmjs.org/@parcel%2fevents
230 http 304 https://registry.npmjs.org/commander
231 verbose headers { date: 'Fri, 27 May 2022 12:54:47 GMT',
231 verbose headers   connection: 'keep-alive',
231 verbose headers   'cf-ray': '711ee6b2783002e8-MIA',
231 verbose headers   age: '95',
231 verbose headers   'cache-control': 'public, max-age=300',
231 verbose headers   etag: '"d7e7c22f2dffab480f0ccb23b28b2b98"',
231 verbose headers   'last-modified': 'Thu, 26 May 2022 08:41:56 GMT',
231 verbose headers   vary: 'Accept-Encoding',
231 verbose headers   'cf-cache-status': 'HIT',
231 verbose headers   'expect-ct': 'max-age=604800, report-uri="https://report-uri.cloudflare.com/cdn-cgi/beacon/expect-ct"',
231 verbose headers   'x-amz-replication-status': 'COMPLETED',
231 verbose headers   server: 'cloudflare' }
232 silly get cb [ 304,
232 silly get   { date: 'Fri, 27 May 2022 12:54:47 GMT',
232 silly get     connection: 'keep-alive',
232 silly get     'cf-ray': '711ee6b2783002e8-MIA',
232 silly get     age: '95',
232 silly get     'cache-control': 'public, max-age=300',
232 silly get     etag: '"d7e7c22f2dffab480f0ccb23b28b2b98"',
232 silly get     'last-modified': 'Thu, 26 May 2022 08:41:56 GMT',
232 silly get     vary: 'Accept-Encoding',
232 silly get     'cf-cache-status': 'HIT',
232 silly get     'expect-ct': 'max-age=604800, report-uri="https://report-uri.cloudflare.com/cdn-cgi/beacon/expect-ct"',
232 silly get     'x-amz-replication-status': 'COMPLETED',
232 silly get     server: 'cloudflare' } ]
233 verbose etag https://registry.npmjs.org/commander from cache
234 verbose get saving commander to /home/math/.npm/registry.npmjs.org/commander/.cache.json
235 verbose stack Error: Missing required argument #1
235 verbose stack     at andLogAndFinish (/usr/share/npm/lib/fetch-package-metadata.js:31:3)
235 verbose stack     at fetchPackageMetadata (/usr/share/npm/lib/fetch-package-metadata.js:51:22)
235 verbose stack     at resolveWithNewModule (/usr/share/npm/lib/install/deps.js:456:12)
235 verbose stack     at /usr/share/npm/lib/install/deps.js:457:7
235 verbose stack     at /usr/share/npm/node_modules/iferr/index.js:13:50
235 verbose stack     at /usr/share/npm/lib/fetch-package-metadata.js:37:12
235 verbose stack     at addRequestedAndFinish (/usr/share/npm/lib/fetch-package-metadata.js:82:5)
235 verbose stack     at returnAndAddMetadata (/usr/share/npm/lib/fetch-package-metadata.js:117:7)
235 verbose stack     at pickVersionFromRegistryDocument (/usr/share/npm/lib/fetch-package-metadata.js:134:20)
235 verbose stack     at /usr/share/npm/node_modules/iferr/index.js:13:50
236 verbose cwd /home/math/Documents/GitHub/houseofink
237 error Linux 4.15.0-180-lowlatency
238 error argv "/usr/bin/node" "/usr/bin/npm" "install" "--save-dev" "parcel"
239 error node v8.10.0
240 error npm  v3.5.2
241 error code EMISSINGARG
242 error typeerror Error: Missing required argument #1
242 error typeerror     at andLogAndFinish (/usr/share/npm/lib/fetch-package-metadata.js:31:3)
242 error typeerror     at fetchPackageMetadata (/usr/share/npm/lib/fetch-package-metadata.js:51:22)
242 error typeerror     at resolveWithNewModule (/usr/share/npm/lib/install/deps.js:456:12)
242 error typeerror     at /usr/share/npm/lib/install/deps.js:457:7
242 error typeerror     at /usr/share/npm/node_modules/iferr/index.js:13:50
242 error typeerror     at /usr/share/npm/lib/fetch-package-metadata.js:37:12
242 error typeerror     at addRequestedAndFinish (/usr/share/npm/lib/fetch-package-metadata.js:82:5)
242 error typeerror     at returnAndAddMetadata (/usr/share/npm/lib/fetch-package-metadata.js:117:7)
242 error typeerror     at pickVersionFromRegistryDocument (/usr/share/npm/lib/fetch-package-metadata.js:134:20)
242 error typeerror     at /usr/share/npm/node_modules/iferr/index.js:13:50
243 error typeerror This is an error with npm itself. Please report this error at:
243 error typeerror     <http://github.com/npm/npm/issues>
244 verbose exit [ 1, true ]
